d:\programming\projects\visualc++\netflixmoviequeue\netflixmoviequeue\debug\netflixmoviequeue.pch
d:\programming\projects\visualc++\netflixmoviequeue\netflixmoviequeue\debug\vc141.pdb
d:\programming\projects\visualc++\netflixmoviequeue\netflixmoviequeue\debug\vc141.idb
d:\programming\projects\visualc++\netflixmoviequeue\netflixmoviequeue\debug\stdafx.obj
d:\programming\projects\visualc++\netflixmoviequeue\netflixmoviequeue\debug\movie.obj
d:\programming\projects\visualc++\netflixmoviequeue\netflixmoviequeue\debug\netflixmoviequeue.obj
d:\programming\projects\visualc++\netflixmoviequeue\netflixmoviequeue\debug\programmanager.obj
d:\programming\projects\visualc++\netflixmoviequeue\netflixmoviequeue\debug\category.obj
d:\programming\projects\visualc++\netflixmoviequeue\netflixmoviequeue\debug\profile.obj
d:\programming\projects\visualc++\netflixmoviequeue\debug\netflixmoviequeue.exe
d:\programming\projects\visualc++\netflixmoviequeue\debug\netflixmoviequeue.ilk
d:\programming\projects\visualc++\netflixmoviequeue\debug\netflixmoviequeue.pdb
d:\programming\projects\visualc++\netflixmoviequeue\netflixmoviequeue\debug\category.obj.enc
d:\programming\projects\visualc++\netflixmoviequeue\netflixmoviequeue\debug\movie.obj.enc
d:\programming\projects\visualc++\netflixmoviequeue\netflixmoviequeue\debug\netflixmoviequeue.obj.enc
d:\programming\projects\visualc++\netflixmoviequeue\netflixmoviequeue\debug\profile.obj.enc
d:\programming\projects\visualc++\netflixmoviequeue\netflixmoviequeue\debug\programmanager.obj.enc
d:\programming\projects\visualc++\netflixmoviequeue\netflixmoviequeue\debug\stdafx.obj.enc
d:\programming\projects\visualc++\netflixmoviequeue\netflixmoviequeue\debug\netflixm.cad2eb2f.tlog\cl.command.1.tlog
d:\programming\projects\visualc++\netflixmoviequeue\netflixmoviequeue\debug\netflixm.cad2eb2f.tlog\cl.read.1.tlog
d:\programming\projects\visualc++\netflixmoviequeue\netflixmoviequeue\debug\netflixm.cad2eb2f.tlog\cl.write.1.tlog
d:\programming\projects\visualc++\netflixmoviequeue\netflixmoviequeue\debug\netflixm.cad2eb2f.tlog\link.command.1.tlog
d:\programming\projects\visualc++\netflixmoviequeue\netflixmoviequeue\debug\netflixm.cad2eb2f.tlog\link.read.1.tlog
d:\programming\projects\visualc++\netflixmoviequeue\netflixmoviequeue\debug\netflixm.cad2eb2f.tlog\link.write.1.tlog
